<?xml version="1.0" encoding="UTF-8"?>
<!-- Generated by org.testng.reporters.JUnitReportReporter -->
<testsuite skipped="0" hostname="QINDW273" name="testng.DataProviders" tests="3" failures="0" timestamp="19 Aug 2019 10:55:30 GMT" time="0.004" errors="0">
  <testcase name="parameter" time="0.000" classname="testng.DataProviders"/>
  <testcase name="loginTest" time="0.004" classname="testng.DataProviders"/>
  <testcase name="loginTest" time="0.000" classname="testng.DataProviders"/>
</testsuite> <!-- testng.DataProviders -->
